ERROR conda.cli.main_run:execute(127): `conda run python tests/verify_bsimar_v4_inverter.py --tech tsmc7` failed. (See above for error)
========================================================================
v4 Inverter Verification: TSMC7 SVT
  BSIMAR v4 (LEVEL=74) + DirectNet v4 (LEVEL=73)
  VDD=0.75V  L_n=16nm  L_p=20nm  NFIN=10
  Tech code: 4
========================================================================

--- Test 1: NMOS DC Sweep ---
  AR NRMSE=14.72%  DN NRMSE=15.79%  [32.6s]

--- Test 2: PMOS DC Sweep ---
  AR NRMSE=3.06%  DN NRMSE=6.53%  [28.2s]

--- Test 3: Inverter VTC ---
  AR NRMSE=19.15%  DN NRMSE=18.14%  [560.0s]

--- Test 4: Inverter Transient ---
  [NGSPICE] Running TSMC7 transient...
  [NGSPICE] 541 pts, V(out) [-0.0098, 0.7528]V
  [BSIMAR] Running TSMC7 transient...
  [BSIMAR] 502 pts, V(out) [-0.0737, 0.8823]V
  [DirectNet] Running TSMC7 transient...
  [DirectNet] 502 pts, V(out) [-0.0543, 0.7637]V
  AR NRMSE=9.14%  DN NRMSE=6.80%  [389.3s]

========================================================================
SUMMARY
========================================================================
  Test                 |   NRMSE(%) |  Threshold |  Time(s) | Status
  -------------------- | ---------- | ---------- | -------- | ------
  NMOS DC (AR)         |      14.72 |       10.0 |     32.6 |   FAIL
  NMOS DC (DN)         |      15.79 |       10.0 |     32.6 |   FAIL
  PMOS DC (AR)         |       3.06 |       10.0 |     28.2 |   PASS
  PMOS DC (DN)         |       6.53 |       10.0 |     28.2 |   PASS
  VTC (AR)             |      19.15 |       10.0 |    560.0 |   FAIL
  VTC (DN)             |      18.14 |       10.0 |    560.0 |   FAIL
  Transient (AR)       |       9.14 |       15.0 |    389.3 |   PASS
  Transient (DN)       |       6.80 |       15.0 |    389.3 |   PASS

  Result: 4/8 PASS

