osdi[osdi_host] lvl=1 Warning: PTWG_i = -1.325033e+00 is negative, setting it to 0.

osdi[osdi_host] lvl=1 Warning: PTWG_i = -1.325033e+00 is negative, setting it to 0.


ERROR conda.cli.main_run:execute(127): `conda run python tests/verify_bsimar_v4_inverter.py --tech tsmc5` failed. (See above for error)
========================================================================
v4 Inverter Verification: TSMC5 SVT
  BSIMAR v4 (LEVEL=74) + DirectNet v4 (LEVEL=73)
  VDD=0.65V  L_n=16nm  L_p=20nm  NFIN=10
  Tech code: 0
========================================================================

--- Test 1: NMOS DC Sweep ---
  AR NRMSE=4.90%  DN NRMSE=6.57%  [37.6s]

--- Test 2: PMOS DC Sweep ---
  AR NRMSE=6.23%  DN NRMSE=8.04%  [33.6s]

--- Test 3: Inverter VTC ---
  AR NRMSE=13.93%  DN NRMSE=9.92%  [321.4s]

--- Test 4: Inverter Transient ---
  [NGSPICE] Running TSMC5 transient...
  [NGSPICE] 541 pts, V(out) [-0.0047, 0.6550]V
  [BSIMAR] Running TSMC5 transient...
  [BSIMAR] 502 pts, V(out) [-0.0115, 0.8937]V
  [DirectNet] Running TSMC5 transient...
  [DirectNet] 502 pts, V(out) [-0.0117, 0.6819]V
  AR NRMSE=12.16%  DN NRMSE=3.66%  [615.1s]

========================================================================
SUMMARY
========================================================================
  Test                 |   NRMSE(%) |  Threshold |  Time(s) | Status
  -------------------- | ---------- | ---------- | -------- | ------
  NMOS DC (AR)         |       4.90 |       10.0 |     37.6 |   PASS
  NMOS DC (DN)         |       6.57 |       10.0 |     37.6 |   PASS
  PMOS DC (AR)         |       6.23 |       10.0 |     33.6 |   PASS
  PMOS DC (DN)         |       8.04 |       10.0 |     33.6 |   PASS
  VTC (AR)             |      13.93 |       10.0 |    321.4 |   FAIL
  VTC (DN)             |       9.92 |       10.0 |    321.4 |   PASS
  Transient (AR)       |      12.16 |       15.0 |    615.1 |   PASS
  Transient (DN)       |       3.66 |       15.0 |    615.1 |   PASS

  Result: 7/8 PASS

