Training DirectNet on cuda
Tech codes: 18 codes, p_unknown=0.1
Excluding techs: {'asap7'}
  Data filtering: 11856240 -> 8973218 (2883022 removed, 24.3%)
  loaded cached tech-variant labels from universal_nmos_tech_variant_labels.npy
  Excluded techs {'asap7'}: 7793189/8973218 samples kept
  Dataset split: train=6234551, val=779318, test=779320
Input dim: 7 (7-dim + tech code), Output dim: 13
Computing LDS weights (per-target)...
Model parameters: 907981
   1 | train=0.06829 val=0.03220 lr=8.00e-04 *best*
   2 | train=0.04010 val=0.02448 lr=8.00e-04 *best*
   3 | train=0.03393 val=0.02338 lr=8.00e-04 *best*
   4 | train=0.03077 val=0.01760 lr=8.00e-04 *best*
   5 | train=0.02774 val=0.01517 lr=8.00e-04 *best*
   6 | train=0.02516 val=0.01509 lr=8.00e-04 *best*
   7 | train=0.02381 val=0.01257 lr=8.00e-04 *best*
   8 | train=0.02301 val=0.01232 lr=8.00e-04 *best*
   9 | train=0.02208 val=0.01073 lr=8.00e-04 *best*
  11 | train=0.02103 val=0.01004 lr=8.00e-04 *best*
  13 | train=0.02028 val=0.00901 lr=7.99e-04 *best*
  14 | train=0.01992 val=0.00748 lr=7.99e-04 *best*
  16 | train=0.01946 val=0.00738 lr=7.99e-04 *best*
  19 | train=0.01884 val=0.00704 lr=7.99e-04 *best*
  20 | train=0.01872 val=0.00823 lr=7.99e-04
  24 | train=0.01813 val=0.00638 lr=7.98e-04 *best*
  27 | train=0.01789 val=0.00607 lr=7.98e-04 *best*
  31 | train=0.01743 val=0.00591 lr=7.97e-04 *best*
  34 | train=0.01722 val=0.00537 lr=7.96e-04 *best*
  37 | train=0.01705 val=0.00528 lr=7.96e-04 *best*
  39 | train=0.01689 val=0.00517 lr=7.95e-04 *best*
  40 | train=0.01692 val=0.00562 lr=7.95e-04
  44 | train=0.01658 val=0.00477 lr=7.94e-04 *best*
  56 | train=0.01614 val=0.00447 lr=7.90e-04 *best*
  57 | train=0.01607 val=0.00423 lr=7.90e-04 *best*
  60 | train=0.01596 val=0.00460 lr=7.89e-04
  68 | train=0.01582 val=0.00411 lr=7.86e-04 *best*
  73 | train=0.01563 val=0.00395 lr=7.84e-04 *best*
  77 | train=0.01557 val=0.00393 lr=7.82e-04 *best*
  80 | train=0.01551 val=0.00445 lr=7.80e-04
  86 | train=0.01536 val=0.00367 lr=7.77e-04 *best*
  93 | train=0.01533 val=0.00365 lr=7.74e-04 *best*
 100 | train=0.01517 val=0.00439 lr=7.70e-04
 102 | train=0.01516 val=0.00344 lr=7.68e-04 *best*
 120 | train=0.01491 val=0.00437 lr=7.56e-04
 123 | train=0.01485 val=0.00337 lr=7.54e-04 *best*
 130 | train=0.01484 val=0.00327 lr=7.49e-04 *best*
 134 | train=0.01477 val=0.00326 lr=7.46e-04 *best*
 135 | train=0.01480 val=0.00295 lr=7.45e-04 *best*
 140 | train=0.01470 val=0.00346 lr=7.41e-04
 160 | train=0.01453 val=0.00338 lr=7.24e-04
 174 | train=0.01441 val=0.00282 lr=7.10e-04 *best*
 180 | train=0.01438 val=0.00275 lr=7.04e-04 *best*
 186 | train=0.01433 val=0.00263 lr=6.98e-04 *best*
 200 | train=0.01421 val=0.00270 lr=6.83e-04
 204 | train=0.01417 val=0.00261 lr=6.78e-04 *best*
 206 | train=0.01417 val=0.00251 lr=6.76e-04 *best*
 212 | train=0.01411 val=0.00244 lr=6.69e-04 *best*
 220 | train=0.01409 val=0.00249 lr=6.60e-04
 221 | train=0.01410 val=0.00237 lr=6.59e-04 *best*
 230 | train=0.01403 val=0.00237 lr=6.48e-04 *best*
 240 | train=0.01394 val=0.00243 lr=6.35e-04
 241 | train=0.01395 val=0.00223 lr=6.34e-04 *best*
 255 | train=0.01389 val=0.00223 lr=6.16e-04 *best*
 260 | train=0.01381 val=0.00215 lr=6.09e-04 *best*
 261 | train=0.01383 val=0.00210 lr=6.08e-04 *best*
 275 | train=0.01376 val=0.00205 lr=5.89e-04 *best*
 280 | train=0.01375 val=0.00227 lr=5.82e-04
 291 | train=0.01365 val=0.00201 lr=5.66e-04 *best*
 300 | train=0.01360 val=0.00250 lr=5.53e-04
 309 | train=0.01356 val=0.00189 lr=5.40e-04 *best*
 320 | train=0.01350 val=0.00211 lr=5.24e-04
 321 | train=0.01345 val=0.00186 lr=5.22e-04 *best*
 333 | train=0.01345 val=0.00177 lr=5.04e-04 *best*
 340 | train=0.01344 val=0.00212 lr=4.93e-04
 343 | train=0.01339 val=0.00169 lr=4.89e-04 *best*
 352 | train=0.01330 val=0.00162 lr=4.75e-04 *best*
 360 | train=0.01326 val=0.00184 lr=4.63e-04
 362 | train=0.01330 val=0.00161 lr=4.59e-04 *best*
 366 | train=0.01323 val=0.00158 lr=4.53e-04 *best*
 371 | train=0.01324 val=0.00158 lr=4.45e-04 *best*
 378 | train=0.01321 val=0.00157 lr=4.35e-04 *best*
 380 | train=0.01317 val=0.00153 lr=4.31e-04 *best*
 385 | train=0.01320 val=0.00145 lr=4.24e-04 *best*
 400 | train=0.01305 val=0.00126 lr=4.00e-04 *best*
 420 | train=0.01299 val=0.00161 lr=3.69e-04
 440 | train=0.01286 val=0.00132 lr=3.37e-04
 446 | train=0.01285 val=0.00121 lr=3.28e-04 *best*
 447 | train=0.01285 val=0.00119 lr=3.27e-04 *best*
 451 | train=0.01285 val=0.00115 lr=3.20e-04 *best*
 453 | train=0.01282 val=0.00108 lr=3.17e-04 *best*
 456 | train=0.01284 val=0.00106 lr=3.13e-04 *best*
 460 | train=0.01277 val=0.00130 lr=3.07e-04
 477 | train=0.01269 val=0.00102 lr=2.81e-04 *best*
 480 | train=0.01274 val=0.00115 lr=2.76e-04
 489 | train=0.01266 val=0.00100 lr=2.63e-04 *best*
 500 | train=0.01261 val=0.00100 lr=2.47e-04
 501 | train=0.01261 val=0.00096 lr=2.45e-04 *best*
 503 | train=0.01257 val=0.00094 lr=2.43e-04 *best*
 508 | train=0.01263 val=0.00093 lr=2.35e-04 *best*
 511 | train=0.01256 val=0.00089 lr=2.31e-04 *best*
 515 | train=0.01257 val=0.00088 lr=2.25e-04 *best*
 520 | train=0.01253 val=0.00088 lr=2.18e-04 *best*
 525 | train=0.01249 val=0.00084 lr=2.11e-04 *best*
 527 | train=0.01250 val=0.00080 lr=2.09e-04 *best*
 537 | train=0.01247 val=0.00078 lr=1.95e-04 *best*
 539 | train=0.01244 val=0.00077 lr=1.92e-04 *best*
 540 | train=0.01244 val=0.00085 lr=1.91e-04
 542 | train=0.01244 val=0.00075 lr=1.88e-04 *best*
 548 | train=0.01238 val=0.00075 lr=1.80e-04 *best*
 549 | train=0.01242 val=0.00071 lr=1.79e-04 *best*
 560 | train=0.01235 val=0.00071 lr=1.65e-04
 561 | train=0.01237 val=0.00070 lr=1.64e-04 *best*
 567 | train=0.01233 val=0.00065 lr=1.56e-04 *best*
 574 | train=0.01230 val=0.00064 lr=1.47e-04 *best*
 579 | train=0.01230 val=0.00063 lr=1.41e-04 *best*
 580 | train=0.01230 val=0.00064 lr=1.40e-04
 585 | train=0.01230 val=0.00060 lr=1.34e-04 *best*
 595 | train=0.01224 val=0.00056 lr=1.23e-04 *best*
 600 | train=0.01222 val=0.00063 lr=1.17e-04
 609 | train=0.01220 val=0.00055 lr=1.07e-04 *best*
 610 | train=0.01217 val=0.00054 lr=1.06e-04 *best*
 613 | train=0.01218 val=0.00053 lr=1.03e-04 *best*
 617 | train=0.01223 val=0.00052 lr=9.89e-05 *best*
 620 | train=0.01217 val=0.00052 lr=9.58e-05
 621 | train=0.01218 val=0.00050 lr=9.48e-05 *best*
 622 | train=0.01220 val=0.00050 lr=9.38e-05 *best*
 623 | train=0.01218 val=0.00049 lr=9.28e-05 *best*
 628 | train=0.01214 val=0.00048 lr=8.78e-05 *best*
 634 | train=0.01214 val=0.00046 lr=8.20e-05 *best*
 636 | train=0.01214 val=0.00046 lr=8.01e-05 *best*
 640 | train=0.01213 val=0.00046 lr=7.64e-05
 647 | train=0.01214 val=0.00044 lr=7.01e-05 *best*
 648 | train=0.01212 val=0.00044 lr=6.92e-05 *best*
 649 | train=0.01209 val=0.00044 lr=6.83e-05 *best*
 650 | train=0.01209 val=0.00044 lr=6.74e-05 *best*
 651 | train=0.01213 val=0.00043 lr=6.65e-05 *best*
 654 | train=0.01206 val=0.00042 lr=6.40e-05 *best*
 657 | train=0.01211 val=0.00041 lr=6.14e-05 *best*
 660 | train=0.01210 val=0.00041 lr=5.89e-05
 664 | train=0.01209 val=0.00041 lr=5.57e-05 *best*
 668 | train=0.01208 val=0.00040 lr=5.25e-05 *best*
 669 | train=0.01208 val=0.00039 lr=5.18e-05 *best*
 672 | train=0.01204 val=0.00039 lr=4.95e-05 *best*
 674 | train=0.01210 val=0.00038 lr=4.80e-05 *best*
 678 | train=0.01202 val=0.00038 lr=4.50e-05 *best*
 680 | train=0.01210 val=0.00036 lr=4.36e-05 *best*
 684 | train=0.01208 val=0.00036 lr=4.08e-05 *best*
 691 | train=0.01203 val=0.00036 lr=3.61e-05 *best*
 693 | train=0.01200 val=0.00035 lr=3.48e-05 *best*
 694 | train=0.01204 val=0.00034 lr=3.42e-05 *best*
 700 | train=0.01199 val=0.00035 lr=3.04e-05
 703 | train=0.01202 val=0.00033 lr=2.87e-05 *best*
 706 | train=0.01201 val=0.00033 lr=2.69e-05 *best*
 711 | train=0.01202 val=0.00032 lr=2.42e-05 *best*
 714 | train=0.01202 val=0.00032 lr=2.26e-05 *best*
 717 | train=0.01204 val=0.00032 lr=2.11e-05 *best*
 720 | train=0.01202 val=0.00032 lr=1.96e-05 *best*
 722 | train=0.01199 val=0.00032 lr=1.86e-05 *best*
 723 | train=0.01203 val=0.00031 lr=1.81e-05 *best*
 725 | train=0.01200 val=0.00031 lr=1.72e-05 *best*
 726 | train=0.01200 val=0.00031 lr=1.68e-05 *best*
 728 | train=0.01201 val=0.00031 lr=1.59e-05 *best*
 729 | train=0.01199 val=0.00031 lr=1.54e-05 *best*
 730 | train=0.01199 val=0.00031 lr=1.50e-05 *best*
 733 | train=0.01199 val=0.00030 lr=1.38e-05 *best*
 734 | train=0.01197 val=0.00030 lr=1.34e-05 *best*
 737 | train=0.01201 val=0.00030 lr=1.22e-05 *best*
 738 | train=0.01196 val=0.00030 lr=1.18e-05 *best*
 739 | train=0.01200 val=0.00030 lr=1.14e-05 *best*
 740 | train=0.01198 val=0.00030 lr=1.11e-05 *best*
 742 | train=0.01200 val=0.00030 lr=1.03e-05 *best*
 744 | train=0.01197 val=0.00029 lr=9.63e-06 *best*
 749 | train=0.01195 val=0.00029 lr=8.00e-06 *best*
 751 | train=0.01196 val=0.00029 lr=7.38e-06 *best*
 752 | train=0.01192 val=0.00029 lr=7.09e-06 *best*
 753 | train=0.01198 val=0.00029 lr=6.79e-06 *best*
 756 | train=0.01198 val=0.00028 lr=5.96e-06 *best*
 760 | train=0.01199 val=0.00028 lr=4.92e-06 *best*
 761 | train=0.01198 val=0.00028 lr=4.68e-06 *best*
 764 | train=0.01195 val=0.00028 lr=3.99e-06 *best*
 765 | train=0.01195 val=0.00028 lr=3.77e-06 *best*
 766 | train=0.01197 val=0.00028 lr=3.56e-06 *best*
 769 | train=0.01197 val=0.00028 lr=2.96e-06 *best*
 770 | train=0.01197 val=0.00028 lr=2.77e-06 *best*
 771 | train=0.01198 val=0.00028 lr=2.59e-06 *best*
 772 | train=0.01197 val=0.00028 lr=2.42e-06 *best*
 773 | train=0.01194 val=0.00027 lr=2.25e-06 *best*
 775 | train=0.01200 val=0.00027 lr=1.93e-06 *best*
 776 | train=0.01196 val=0.00027 lr=1.78e-06 *best*
 777 | train=0.01196 val=0.00027 lr=1.63e-06 *best*
 778 | train=0.01196 val=0.00027 lr=1.49e-06 *best*
 779 | train=0.01199 val=0.00027 lr=1.36e-06 *best*
 780 | train=0.01198 val=0.00027 lr=1.23e-06
 781 | train=0.01195 val=0.00027 lr=1.11e-06 *best*
 782 | train=0.01197 val=0.00027 lr=9.99e-07 *best*
 783 | train=0.01196 val=0.00027 lr=8.91e-07 *best*
 784 | train=0.01194 val=0.00027 lr=7.89e-07 *best*
 786 | train=0.01196 val=0.00027 lr=6.04e-07 *best*
 787 | train=0.01195 val=0.00027 lr=5.21e-07 *best*
 788 | train=0.01192 val=0.00027 lr=4.44e-07 *best*
 789 | train=0.01198 val=0.00027 lr=3.73e-07 *best*
 790 | train=0.01196 val=0.00027 lr=3.08e-07 *best*
 791 | train=0.01199 val=0.00027 lr=2.50e-07 *best*
 792 | train=0.01197 val=0.00027 lr=1.97e-07 *best*
 793 | train=0.01193 val=0.00027 lr=1.51e-07 *best*
 794 | train=0.01197 val=0.00027 lr=1.11e-07 *best*
 795 | train=0.01194 val=0.00027 lr=7.71e-08 *best*
 796 | train=0.01196 val=0.00027 lr=4.93e-08 *best*
 797 | train=0.01197 val=0.00027 lr=2.78e-08 *best*
 798 | train=0.01199 val=0.00027 lr=1.23e-08 *best*
 799 | train=0.01196 val=0.00027 lr=3.08e-09 *best*
 800 | train=0.01195 val=0.00027 lr=0.00e+00 *best*

Training completed in 180936s (226.2s/epoch)
Best val loss: 0.000270

Test set losses:
       total: 0.000270

Physical metrics (test set):

  Target |   NRMSE% |     MRE% |       R2 |  NRMSE_n% |     R2_n |    MAE_n |    n_val/n_tot
--------------------------------------------------------------------------------------------
      id |    0.004 |     0.07 |   1.0000 |     0.012 |   1.0000 |   0.0004 |  442560/779320
      gm |    0.009 |     0.10 |   1.0000 |     0.012 |   1.0000 |   0.0004 |  695683/779320
     gds |    0.011 |     0.12 |   1.0000 |     0.029 |   1.0000 |   0.0005 |  216862/779320
     gmb |    0.015 |     0.11 |   1.0000 |     0.024 |   1.0000 |   0.0004 |  486762/779320
      qg |    0.003 |     0.06 |   1.0000 |     0.007 |   1.0000 |   0.0002 |  729426/779320
      qd |    0.003 |     0.06 |   1.0000 |     0.006 |   1.0000 |   0.0002 |  724305/779320
      qs |    0.003 |     0.04 |   1.0000 |     0.005 |   1.0000 |   0.0002 |  709535/779320
      qb |    0.008 |     0.07 |   1.0000 |     0.007 |   1.0000 |   0.0003 |  288827/779320
     cgg |    0.006 |     0.03 |   1.0000 |     0.008 |   1.0000 |   0.0002 |  778953/779320
     cgd |    0.004 |     0.03 |   1.0000 |     0.006 |   1.0000 |   0.0002 |  776304/779320
     cgs |    0.004 |     0.03 |   1.0000 |     0.006 |   1.0000 |   0.0002 |  778541/779320
     cdg |    0.004 |     0.03 |   1.0000 |     0.006 |   1.0000 |   0.0002 |  778925/779320
     cdd |    0.004 |     0.03 |   1.0000 |     0.006 |   1.0000 |   0.0002 |  779320/779320
--------------------------------------------------------------------------------------------
     AVG |    0.006 |     0.06 |   1.0000 |     0.010 |   1.0000 |          |

           Tech | n_test |   NRMSE% |       R2
--------------------------------------------------
      tsmc5:svt |  40890 |    0.009 |   1.0000
      tsmc5:lvt |  43381 |    0.008 |   1.0000
     tsmc5:ulvt |  45681 |    0.007 |   1.0000
     tsmc5:elvt |  46781 |    0.007 |   1.0000
      tsmc7:svt |  51805 |    0.009 |   1.0000
      tsmc7:lvt |  53857 |    0.008 |   1.0000
     tsmc7:ulvt |  55451 |    0.008 |   1.0000
     tsmc12:svt |  42952 |    0.007 |   1.0000
     tsmc12:lvt |  44344 |    0.007 |   1.0000
    tsmc12:ulvt |  45957 |    0.007 |   1.0000
     tsmc12:hvt |  40976 |    0.008 |   1.0000
    tsmc12:lnvt |  46481 |    0.007 |   1.0000
     tsmc16:svt |  43061 |    0.008 |   1.0000
     tsmc16:lvt |  44424 |    0.007 |   1.0000
    tsmc16:ulvt |  46284 |    0.007 |   1.0000
     tsmc16:hvt |  40098 |    0.008 |   1.0000
    tsmc16:lnvt |  46897 |    0.007 |   1.0000
--------------------------------------------------
        OVERALL | 779320 |    0.008 |   1.0000

Saved: /home/shenshan/NN_SPICE/external_compact_models/bsimar/checkpoints/v5a_dn_universal_nmos_best.pt
