========================================================================
v4 Inverter Verification: TSMC16 SVT
  BSIMAR v4 (LEVEL=74) + DirectNet v4 (LEVEL=73)
  VDD=0.8V  L_n=16nm  L_p=20nm  NFIN=10
  Tech code: 12
========================================================================

--- Test 1: NMOS DC Sweep ---
  AR NRMSE=9.49%  DN NRMSE=15.25%  [73.5s]

--- Test 2: PMOS DC Sweep ---
  AR NRMSE=9.14%  DN NRMSE=19.14%  [67.2s]

--- Test 3: Inverter VTC ---
  AR NRMSE=5.12%  DN NRMSE=5.33%  [803.7s]

--- Test 4: Inverter Transient ---
  [NGSPICE] Running TSMC16 transient...
  [NGSPICE] 542 pts, V(out) [-0.0026, 0.8029]V
  [BSIMAR] Running TSMC16 transient...
  [BSIMAR] 502 pts, V(out) [-0.0556, 0.9064]V
  [DirectNet] Running TSMC16 transient...
  [DirectNet] 502 pts, V(out) [-0.0140, 0.8142]V
  AR NRMSE=6.46%  DN NRMSE=5.97%  [1499.8s]

========================================================================
SUMMARY
========================================================================
  Test                 |   NRMSE(%) |  Threshold |  Time(s) | Status
  -------------------- | ---------- | ---------- | -------- | ------
  NMOS DC (AR)         |       9.49 |       10.0 |     73.5 |   PASS
  NMOS DC (DN)         |      15.25 |       10.0 |     73.5 |   FAIL
  PMOS DC (AR)         |       9.14 |       10.0 |     67.2 |   PASS
  PMOS DC (DN)         |      19.14 |       10.0 |     67.2 |   FAIL
  VTC (AR)             |       5.12 |       10.0 |    803.7 |   PASS
  VTC (DN)             |       5.33 |       10.0 |    803.7 |   PASS
  Transient (AR)       |       6.46 |       15.0 |   1499.8 |   PASS
  Transient (DN)       |       5.97 |       15.0 |   1499.8 |   PASS

  Result: 6/8 PASS
ERROR conda.cli.main_run:execute(127): `conda run python tests/verify_bsimar_v4_inverter.py --tech tsmc16 --checkpoint-prefix v5a_universal --directnet-prefix v5a_dn_universal` failed. (See above for error)
