osdi[osdi_host] lvl=1 Warning: PTWG_i = -1.325033e+00 is negative, setting it to 0.

osdi[osdi_host] lvl=1 Warning: PTWG_i = -1.325033e+00 is negative, setting it to 0.

========================================================================
v4 Inverter Verification: TSMC5 SVT
  BSIMAR v4 (LEVEL=74) + DirectNet v4 (LEVEL=73)
  VDD=0.65V  L_n=16nm  L_p=20nm  NFIN=10
  Tech code: 0
========================================================================

--- Test 1: NMOS DC Sweep ---
  AR NRMSE=7.06%  DN NRMSE=7.57%  [53.3s]

--- Test 2: PMOS DC Sweep ---
  AR NRMSE=7.43%  DN NRMSE=5.28%  [72.3s]

--- Test 3: Inverter VTC ---
  AR NRMSE=4.17%  DN NRMSE=16.74%  [2326.1s]

--- Test 4: Inverter Transient ---
  [NGSPICE] Running TSMC5 transient...
  [NGSPICE] 541 pts, V(out) [-0.0047, 0.6550]V
  [BSIMAR] Running TSMC5 transient...
  [BSIMAR] 502 pts, V(out) [-0.0094, 0.6572]V
  [DirectNet] Running TSMC5 transient...
  [DirectNet] 502 pts, V(out) [-0.0102, 0.8848]V
  AR NRMSE=3.16%  DN NRMSE=12.10%  [641.5s]

========================================================================
SUMMARY
========================================================================
  Test                 |   NRMSE(%) |  Threshold |  Time(s) | Status
  -------------------- | ---------- | ---------- | -------- | ------
  NMOS DC (AR)         |       7.06 |       10.0 |     53.3 |   PASS
  NMOS DC (DN)         |       7.57 |       10.0 |     53.3 |   PASS
  PMOS DC (AR)         |       7.43 |       10.0 |     72.3 |   PASS
  PMOS DC (DN)         |       5.28 |       10.0 |     72.3 |   PASS
  VTC (AR)             |       4.17 |       10.0 |   2326.1 |   PASS
  VTC (DN)             |      16.74 |       10.0 |   2326.1 |   FAIL
  Transient (AR)       |       3.16 |       15.0 |    641.5 |   PASS
  Transient (DN)       |      12.10 |       15.0 |    641.5 |   PASS

  Result: 7/8 PASS
ERROR conda.cli.main_run:execute(127): `conda run python tests/verify_bsimar_v4_inverter.py --tech tsmc5 --checkpoint-prefix v5a_universal --directnet-prefix v5a_dn_universal` failed. (See above for error)
