========================================================================
v4 Inverter Verification: TSMC12 SVT
  BSIMAR v4 (LEVEL=74) + DirectNet v4 (LEVEL=73)
  VDD=0.8V  L_n=16nm  L_p=20nm  NFIN=10
  Tech code: 7
========================================================================

--- Test 1: NMOS DC Sweep ---
  AR NRMSE=10.23%  DN NRMSE=16.11%  [75.3s]

--- Test 2: PMOS DC Sweep ---
  AR NRMSE=8.54%  DN NRMSE=19.70%  [69.3s]

--- Test 3: Inverter VTC ---
  AR NRMSE=6.17%  DN NRMSE=5.89%  [824.3s]

--- Test 4: Inverter Transient ---
  [NGSPICE] Running TSMC12 transient...
  [NGSPICE] 542 pts, V(out) [-0.0044, 0.8025]V
  [BSIMAR] Running TSMC12 transient...
  [BSIMAR] 502 pts, V(out) [-0.0390, 0.9043]V
  [DirectNet] Running TSMC12 transient...
  [DirectNet] Transient FAILED: Failed to converge at t=1.00e-11s even with minimum dt. Original error: Newton-Raphson failed to converge at t=1.000000e-11s after 200 iterations. Final max delta: 1.33e+02 (tolerance: 1.00e-07)
  AR NRMSE=6.39%  DN NRMSE=nan%  [1443.5s]

========================================================================
SUMMARY
========================================================================
  Test                 |   NRMSE(%) |  Threshold |  Time(s) | Status
  -------------------- | ---------- | ---------- | -------- | ------
  NMOS DC (AR)         |      10.23 |       10.0 |     75.3 |   FAIL
  NMOS DC (DN)         |      16.11 |       10.0 |     75.3 |   FAIL
  PMOS DC (AR)         |       8.54 |       10.0 |     69.3 |   PASS
  PMOS DC (DN)         |      19.70 |       10.0 |     69.3 |   FAIL
  VTC (AR)             |       6.17 |       10.0 |    824.3 |   PASS
  VTC (DN)             |       5.89 |       10.0 |    824.3 |   PASS
  Transient (AR)       |       6.39 |       15.0 |   1443.5 |   PASS

  Result: 4/7 PASS
ERROR conda.cli.main_run:execute(127): `conda run python tests/verify_bsimar_v4_inverter.py --tech tsmc12 --checkpoint-prefix v5a_universal --directnet-prefix v5a_dn_universal` failed. (See above for error)
