========================================================================
v4 Inverter Verification: TSMC7 SVT
  BSIMAR v4 (LEVEL=74) + DirectNet v4 (LEVEL=73)
  VDD=0.75V  L_n=16nm  L_p=20nm  NFIN=10
  Tech code: 4
========================================================================

--- Test 1: NMOS DC Sweep ---
  AR NRMSE=17.58%  DN NRMSE=16.95%  [38.7s]

--- Test 2: PMOS DC Sweep ---
  AR NRMSE=6.66%  DN NRMSE=4.97%  [36.4s]

--- Test 3: Inverter VTC --- SKIPPED (SKIP_VTC=1)

--- Test 4: Inverter Transient ---
  [NGSPICE] Running TSMC7 transient...
  [NGSPICE] 541 pts, V(out) [-0.0098, 0.7528]V
  [BSIMAR] Running TSMC7 transient...
  [BSIMAR] 502 pts, V(out) [-0.0498, 0.8730]V
  [DirectNet] Running TSMC7 transient...
  [DirectNet] 502 pts, V(out) [-0.0412, 0.8879]V
  AR NRMSE=8.78%  DN NRMSE=8.94%  [517.7s]

========================================================================
SUMMARY
========================================================================
  Test                 |   NRMSE(%) |  Threshold |  Time(s) | Status
  -------------------- | ---------- | ---------- | -------- | ------
  NMOS DC (AR)         |      17.58 |       10.0 |     38.7 |   FAIL
  NMOS DC (DN)         |      16.95 |       10.0 |     38.7 |   FAIL
  PMOS DC (AR)         |       6.66 |       10.0 |     36.4 |   PASS
  PMOS DC (DN)         |       4.97 |       10.0 |     36.4 |   PASS
  Transient (AR)       |       8.78 |       15.0 |    517.7 |   PASS
  Transient (DN)       |       8.94 |       15.0 |    517.7 |   PASS

  Result: 4/6 PASS
ERROR conda.cli.main_run:execute(127): `conda run python -u tests/verify_bsimar_v4_inverter.py --tech tsmc7 --checkpoint-prefix v5a_universal --directnet-prefix v5a_dn_universal` failed. (See above for error)
