ERROR conda.cli.main_run:execute(127): `conda run python tests/verify_bsimar_v4_inverter.py --tech tsmc12 --bsimar-prefix v4_ft_tsmc7_overlayonly` failed. (See above for error)
========================================================================
v4 Inverter Verification: TSMC12 SVT
  BSIMAR v4 (LEVEL=74) + DirectNet v4 (LEVEL=73)
  VDD=0.8V  L_n=16nm  L_p=20nm  NFIN=10
  Tech code: 7
========================================================================

--- Test 1: NMOS DC Sweep ---
  AR NRMSE=12.02%  DN NRMSE=3.71%  [55.7s]

--- Test 2: PMOS DC Sweep ---
  AR NRMSE=13.72%  DN NRMSE=12.17%  [50.7s]

--- Test 3: Inverter VTC ---
  AR NRMSE=4.90%  DN NRMSE=4.86%  [825.9s]

--- Test 4: Inverter Transient ---
  [NGSPICE] Running TSMC12 transient...
  [NGSPICE] 542 pts, V(out) [-0.0044, 0.8025]V
  [BSIMAR] Running TSMC12 transient...
  [BSIMAR] 502 pts, V(out) [-0.0247, 0.8222]V
  [DirectNet] Running TSMC12 transient...
  [DirectNet] 502 pts, V(out) [-0.0551, 0.8146]V
  AR NRMSE=5.36%  DN NRMSE=4.86%  [765.0s]

========================================================================
SUMMARY
========================================================================
  Test                 |   NRMSE(%) |  Threshold |  Time(s) | Status
  -------------------- | ---------- | ---------- | -------- | ------
  NMOS DC (AR)         |      12.02 |       10.0 |     55.7 |   FAIL
  NMOS DC (DN)         |       3.71 |       10.0 |     55.7 |   PASS
  PMOS DC (AR)         |      13.72 |       10.0 |     50.7 |   FAIL
  PMOS DC (DN)         |      12.17 |       10.0 |     50.7 |   FAIL
  VTC (AR)             |       4.90 |       10.0 |    825.9 |   PASS
  VTC (DN)             |       4.86 |       10.0 |    825.9 |   PASS
  Transient (AR)       |       5.36 |       15.0 |    765.0 |   PASS
  Transient (DN)       |       4.86 |       15.0 |    765.0 |   PASS

  Result: 5/8 PASS

