TSMC7 hot-box overlay: 60 bins (3 variants × 5 NFIN × 4 L), 500 samples/bin -> 30,000 total
Vgs ∈ (0.444, 0.75) V, Vds ∈ (0.329, 0.75) V, Vbs=0.0 V, T=300.15 K
NFIN ∈ (3, 5, 10, 15, 20), L ∈ (14.0, 16.0, 18.0, 20.0) nm
Dispatching 60 bins across 8 workers
  [1/60] tsmc7:svt L=14.0nm NFIN=3 -> 500 pts  (elapsed 4s)
  [2/60] tsmc7:svt L=16.0nm NFIN=3 -> 500 pts  (elapsed 4s)
  [3/60] tsmc7:svt L=18.0nm NFIN=3 -> 500 pts  (elapsed 4s)
  [4/60] tsmc7:svt L=20.0nm NFIN=3 -> 500 pts  (elapsed 4s)
  [5/60] tsmc7:svt L=14.0nm NFIN=5 -> 500 pts  (elapsed 4s)
  [6/60] tsmc7:svt L=16.0nm NFIN=5 -> 500 pts  (elapsed 5s)
  [7/60] tsmc7:svt L=18.0nm NFIN=5 -> 500 pts  (elapsed 5s)
  [8/60] tsmc7:svt L=20.0nm NFIN=5 -> 500 pts  (elapsed 5s)
  [9/60] tsmc7:svt L=14.0nm NFIN=10 -> 500 pts  (elapsed 7s)
  [10/60] tsmc7:svt L=16.0nm NFIN=10 -> 500 pts  (elapsed 7s)
  [11/60] tsmc7:svt L=18.0nm NFIN=10 -> 500 pts  (elapsed 7s)
  [12/60] tsmc7:svt L=20.0nm NFIN=10 -> 500 pts  (elapsed 7s)
  [13/60] tsmc7:svt L=14.0nm NFIN=15 -> 500 pts  (elapsed 8s)
  [14/60] tsmc7:svt L=16.0nm NFIN=15 -> 500 pts  (elapsed 8s)
  [15/60] tsmc7:svt L=18.0nm NFIN=15 -> 500 pts  (elapsed 8s)
  [16/60] tsmc7:svt L=20.0nm NFIN=15 -> 500 pts  (elapsed 8s)
  [17/60] tsmc7:svt L=14.0nm NFIN=20 -> 500 pts  (elapsed 10s)
  [18/60] tsmc7:svt L=16.0nm NFIN=20 -> 500 pts  (elapsed 10s)
  [19/60] tsmc7:svt L=18.0nm NFIN=20 -> 500 pts  (elapsed 10s)
  [20/60] tsmc7:svt L=20.0nm NFIN=20 -> 500 pts  (elapsed 10s)
  [21/60] tsmc7:lvt L=14.0nm NFIN=3 -> 500 pts  (elapsed 11s)
  [22/60] tsmc7:lvt L=16.0nm NFIN=3 -> 500 pts  (elapsed 11s)
  [23/60] tsmc7:lvt L=18.0nm NFIN=3 -> 500 pts  (elapsed 11s)
  [24/60] tsmc7:lvt L=20.0nm NFIN=3 -> 500 pts  (elapsed 11s)
  [25/60] tsmc7:lvt L=14.0nm NFIN=5 -> 500 pts  (elapsed 13s)
  [26/60] tsmc7:lvt L=16.0nm NFIN=5 -> 500 pts  (elapsed 14s)
  [27/60] tsmc7:lvt L=18.0nm NFIN=5 -> 500 pts  (elapsed 14s)
  [28/60] tsmc7:lvt L=20.0nm NFIN=5 -> 500 pts  (elapsed 14s)
  [29/60] tsmc7:lvt L=14.0nm NFIN=10 -> 500 pts  (elapsed 14s)
  [30/60] tsmc7:lvt L=16.0nm NFIN=10 -> 500 pts  (elapsed 14s)
  [31/60] tsmc7:lvt L=18.0nm NFIN=10 -> 500 pts  (elapsed 15s)
  [32/60] tsmc7:lvt L=20.0nm NFIN=10 -> 500 pts  (elapsed 15s)
  [33/60] tsmc7:lvt L=14.0nm NFIN=15 -> 500 pts  (elapsed 16s)
  [34/60] tsmc7:lvt L=16.0nm NFIN=15 -> 500 pts  (elapsed 17s)
  [35/60] tsmc7:lvt L=18.0nm NFIN=15 -> 500 pts  (elapsed 17s)
  [36/60] tsmc7:lvt L=20.0nm NFIN=15 -> 500 pts  (elapsed 17s)
  [37/60] tsmc7:lvt L=14.0nm NFIN=20 -> 500 pts  (elapsed 18s)
  [38/60] tsmc7:lvt L=16.0nm NFIN=20 -> 500 pts  (elapsed 18s)
  [39/60] tsmc7:lvt L=18.0nm NFIN=20 -> 500 pts  (elapsed 18s)
  [40/60] tsmc7:lvt L=20.0nm NFIN=20 -> 500 pts  (elapsed 18s)
  [41/60] tsmc7:ulvt L=14.0nm NFIN=3 -> 500 pts  (elapsed 20s)
  [42/60] tsmc7:ulvt L=16.0nm NFIN=3 -> 500 pts  (elapsed 20s)
  [43/60] tsmc7:ulvt L=18.0nm NFIN=3 -> 500 pts  (elapsed 20s)
  [44/60] tsmc7:ulvt L=20.0nm NFIN=3 -> 500 pts  (elapsed 20s)
  [45/60] tsmc7:ulvt L=14.0nm NFIN=5 -> 500 pts  (elapsed 20s)
  [46/60] tsmc7:ulvt L=16.0nm NFIN=5 -> 500 pts  (elapsed 22s)
  [47/60] tsmc7:ulvt L=18.0nm NFIN=5 -> 500 pts  (elapsed 22s)
  [48/60] tsmc7:ulvt L=20.0nm NFIN=5 -> 500 pts  (elapsed 22s)
  [49/60] tsmc7:ulvt L=14.0nm NFIN=10 -> 500 pts  (elapsed 23s)
  [50/60] tsmc7:ulvt L=16.0nm NFIN=10 -> 500 pts  (elapsed 23s)
  [51/60] tsmc7:ulvt L=18.0nm NFIN=10 -> 500 pts  (elapsed 23s)
  [52/60] tsmc7:ulvt L=20.0nm NFIN=10 -> 500 pts  (elapsed 23s)
  [53/60] tsmc7:ulvt L=14.0nm NFIN=15 -> 500 pts  (elapsed 24s)
  [54/60] tsmc7:ulvt L=16.0nm NFIN=15 -> 500 pts  (elapsed 25s)
  [55/60] tsmc7:ulvt L=18.0nm NFIN=15 -> 500 pts  (elapsed 25s)
  [56/60] tsmc7:ulvt L=20.0nm NFIN=15 -> 500 pts  (elapsed 25s)
  [57/60] tsmc7:ulvt L=14.0nm NFIN=20 -> 500 pts  (elapsed 26s)
  [58/60] tsmc7:ulvt L=16.0nm NFIN=20 -> 500 pts  (elapsed 26s)
  [59/60] tsmc7:ulvt L=18.0nm NFIN=20 -> 500 pts  (elapsed 26s)
  [60/60] tsmc7:ulvt L=20.0nm NFIN=20 -> 500 pts  (elapsed 26s)

Data generation wall-clock: 27s

Overlay dataset assembled: 30,000 kept, 0 failed, 60 bins kept, 0 bins dropped
Shapes -- inputs: (30000, 4), geometry: (30000, 15), outputs: (30000, 13)
  Saved 30000 samples → /home/shenshan/NN_SPICE/external_compact_models/bsimar/data/datasets/tsmc7_overlay_nmos.npz (7503 KB)

Saved overlay dataset: /home/shenshan/NN_SPICE/external_compact_models/bsimar/data/datasets/tsmc7_overlay_nmos.npz

