Pretrained model: external_compact_models/bsimar/checkpoints/v4_universal_nmos_best.phys.pt
Config: external_compact_models/bsimar/checkpoints/v4_universal_nmos_config.npz
Norm: external_compact_models/bsimar/checkpoints/v4_universal_nmos_norm.npz
Old embedding size: 18, expanding to: 18
Model params: 5,019,149
Fine-tuning on techs: {'tsmc7'}, codes: [4, 5, 6]
  loaded cached tech-variant labels from universal_nmos_tech_variant_labels.npy
Fine-tune split: train=1449746, val=161082, test(regression)=7362390

Fine-tuning v4_ft_tsmc7_nmos for 30 epochs (lr=1.0e-04)
     1 | train=0.02775 val=0.01732 *best*
     2 | train=0.02241 val=0.01595 *best*
     3 | train=0.02156 val=0.01603
     4 | train=0.02103 val=0.01592 *best*
     5 | train=0.02065 val=0.01571 nrmse=0.549% r2=0.9865 *best* *phys-best*
     6 | train=0.02033 val=0.01496 *best*
     7 | train=0.02006 val=0.01488 *best*
    10 | train=0.01948 val=0.01484 nrmse=0.522% r2=0.9902 *best* *phys-best*
    11 | train=0.01932 val=0.01444 *best*
    15 | train=0.01888 val=0.01406 nrmse=0.475% r2=0.9918 *best* *phys-best*
    16 | train=0.01879 val=0.01390 *best*
    19 | train=0.01860 val=0.01383 *best*
    20 | train=0.01855 val=0.01384 nrmse=0.454% r2=0.9924 *phys-best*
    21 | train=0.01851 val=0.01382 *best*
    25 | train=0.01841 val=0.01407 nrmse=0.472% r2=0.9921
    27 | train=0.01837 val=0.01379 *best*
    29 | train=0.01836 val=0.01376 *best*
    30 | train=0.01835 val=0.01374 nrmse=0.467% r2=0.9924 *best*

[FT-AR] 3 epochs at lr=1.0e-05
  [FT-AR 1] train=0.01866 val=0.01378 nrmse=0.473%
  [FT-AR 2] train=0.01861 val=0.01391 nrmse=0.472%
  [FT-AR 3] train=0.01859 val=0.01375 nrmse=0.464%

Done in 4078s

Final metrics on {'tsmc7'} val set:

  Target |   NRMSE% |     MRE% |       R2 |  NRMSE_n% |     R2_n |    MAE_n |    n_val/n_tot
--------------------------------------------------------------------------------------------
      id |    0.669 |     3.47 |   0.9501 |     0.438 |   0.9990 |   0.0158 |  109406/161082
      gm |    0.477 |     5.75 |   0.9989 |     0.624 |   0.9988 |   0.0215 |  142569/161082
     gds |    0.646 |     7.03 |   0.9846 |     1.333 |   0.9905 |   0.0272 |   44900/161082
     gmb |    0.558 |     3.94 |   0.9976 |     0.666 |   0.9995 |   0.0148 |  103454/161082
      qg |    0.297 |     3.23 |   0.9974 |     0.309 |   0.9996 |   0.0120 |  150407/161082
      qd |    0.421 |     3.55 |   0.9971 |     0.345 |   0.9997 |   0.0118 |  149277/161082
      qs |    0.465 |     3.21 |   0.9979 |     0.317 |   0.9998 |   0.0115 |  144079/161082
      qb |    0.726 |     4.82 |   0.9827 |     0.365 |   0.9995 |   0.0148 |   68160/161082
     cgg |    0.340 |     1.81 |   0.9990 |     0.363 |   0.9997 |   0.0107 |  161082/161082
     cgd |    0.298 |     1.46 |   0.9985 |     0.304 |   0.9997 |   0.0090 |  161082/161082
     cgs |    0.417 |     2.37 |   0.9993 |     0.459 |   0.9996 |   0.0121 |  161082/161082
     cdg |    0.341 |     2.02 |   0.9994 |     0.367 |   0.9998 |   0.0104 |  161082/161082
     cdd |    0.250 |     1.44 |   0.9990 |     0.264 |   0.9998 |   0.0083 |  161082/161082
--------------------------------------------------------------------------------------------
     AVG |    0.454 |     3.39 |   0.9924 |     0.473 |   0.9988 |          |

Checkpoint: /home/shenshan/NN_SPICE/external_compact_models/bsimar/checkpoints/v4_ft_tsmc7_nmos_best.pt
Phys-best: /home/shenshan/NN_SPICE/external_compact_models/bsimar/checkpoints/v4_ft_tsmc7_nmos_best.phys.pt
Config: /home/shenshan/NN_SPICE/external_compact_models/bsimar/checkpoints/v4_ft_tsmc7_nmos_config.npz

