ERROR conda.cli.main_run:execute(127): `conda run python tests/verify_bsimar_v4_inverter.py --tech tsmc12 --bsimar-prefix v4_ft_tsmc7_overlay` failed. (See above for error)
========================================================================
v4 Inverter Verification: TSMC12 SVT
  BSIMAR v4 (LEVEL=74) + DirectNet v4 (LEVEL=73)
  VDD=0.8V  L_n=16nm  L_p=20nm  NFIN=10
  Tech code: 7
========================================================================

--- Test 1: NMOS DC Sweep ---
  AR NRMSE=10.71%  DN NRMSE=3.71%  [32.1s]

--- Test 2: PMOS DC Sweep ---
  AR NRMSE=13.72%  DN NRMSE=12.17%  [27.8s]

--- Test 3: Inverter VTC ---
  AR NRMSE=8.23%  DN NRMSE=4.86%  [391.6s]

--- Test 4: Inverter Transient ---
  [NGSPICE] Running TSMC12 transient...
  [NGSPICE] 542 pts, V(out) [-0.0044, 0.8025]V
  [BSIMAR] Running TSMC12 transient...
  [BSIMAR] 502 pts, V(out) [-0.0487, 0.9108]V
  [DirectNet] Running TSMC12 transient...
  [DirectNet] 502 pts, V(out) [-0.0551, 0.8146]V
  AR NRMSE=7.12%  DN NRMSE=4.86%  [518.7s]

========================================================================
SUMMARY
========================================================================
  Test                 |   NRMSE(%) |  Threshold |  Time(s) | Status
  -------------------- | ---------- | ---------- | -------- | ------
  NMOS DC (AR)         |      10.71 |       10.0 |     32.1 |   FAIL
  NMOS DC (DN)         |       3.71 |       10.0 |     32.1 |   PASS
  PMOS DC (AR)         |      13.72 |       10.0 |     27.8 |   FAIL
  PMOS DC (DN)         |      12.17 |       10.0 |     27.8 |   FAIL
  VTC (AR)             |       8.23 |       10.0 |    391.6 |   PASS
  VTC (DN)             |       4.86 |       10.0 |    391.6 |   PASS
  Transient (AR)       |       7.12 |       15.0 |    518.7 |   PASS
  Transient (DN)       |       4.86 |       15.0 |    518.7 |   PASS

  Result: 5/8 PASS

